The target system is: Arduino - 1 - 
The host system is: Darwin - 20.6.0 - x86_64
Compiling the C compiler identification source file "CMakeCCompilerId.c" succeeded.
Compiler: /usr/local/bin/avr-gcc 
Build flags: -std=gnu11
Id flags:  

The output was:
0


Compilation of the C compiler identification source "CMakeCCompilerId.c" produced "a.out"

The C compiler identification is GNU, found in "/Users/markheijnekamp/Windesheim/AVR/blink/build/CMakeFiles/3.21.2/CompilerIdC/a.out"

Compiling the CXX compiler identification source file "CMakeCXXCompilerId.cpp" succeeded.
Compiler: /usr/local/bin/avr-g++ 
Build flags: -std=gnu++14
Id flags:  

The output was:
0


Compilation of the CXX compiler identification source "CMakeCXXCompilerId.cpp" produced "a.out"

The CXX compiler identification is GNU, found in "/Users/markheijnekamp/Windesheim/AVR/blink/build/CMakeFiles/3.21.2/CompilerIdCXX/a.out"

Detecting C compiler ABI info compiled with the following output:
Change Dir: /Users/markheijnekamp/Windesheim/AVR/blink/build/CMakeFiles/CMakeTmp

Run Build Command(s):/usr/bin/make -f Makefile cmTC_a8085/fast && /Applications/Xcode.app/Contents/Developer/usr/bin/make  -f CMakeFiles/cmTC_a8085.dir/build.make CMakeFiles/cmTC_a8085.dir/build
Building C object CMakeFiles/cmTC_a8085.dir/CMakeCCompilerABI.c.obj
/usr/local/bin/avr-gcc -DBAUD=9600 -DF_CPU=16000000UL  -std=gnu11    -v -mmcu=atmega328p -MMD -Os -Wall -Wno-main -Wundef -pedantic -Wfatal-errors -Wl,--relax,--gc-sections -g -gdwarf-2 -funsigned-char -funsigned-bitfields -fpack-struct -fshort-enums -ffunction-sections -fdata-sections -fno-split-wide-types -fno-tree-scev-cprop -o CMakeFiles/cmTC_a8085.dir/CMakeCCompilerABI.c.obj -c /usr/local/Cellar/cmake/3.21.2/share/cmake/Modules/CMakeCCompilerABI.c
Using built-in specs.
Reading specs from /usr/local/Cellar/avr-gcc@9/9.3.0_3/lib/avr-gcc/9/gcc/avr/9.3.0/device-specs/specs-atmega328p
COLLECT_GCC=/usr/local/bin/avr-gcc
Target: avr
Configured with: ../configure --target=avr --prefix=/usr/local/Cellar/avr-gcc@9/9.3.0_3 --libdir=/usr/local/Cellar/avr-gcc@9/9.3.0_3/lib/avr-gcc/9 --enable-languages=c,c++ --with-ld=/usr/local/opt/avr-binutils/bin/avr-ld --with-as=/usr/local/opt/avr-binutils/bin/avr-as --disable-nls --disable-libssp --disable-shared --disable-threads --disable-libgomp --with-dwarf2 --with-avrlibc --with-system-zlib --with-pkgversion='Homebrew AVR GCC 9.3.0_3' --with-bugurl=https://github.com/osx-cross/homebrew-avr/issues SED=/usr/bin/sed
Thread model: single
gcc version 9.3.0 (Homebrew AVR GCC 9.3.0_3) 
COLLECT_GCC_OPTIONS='-D' 'BAUD=9600' '-D' 'F_CPU=16000000UL' '-std=gnu11' '-v'  '-MMD' '-Os' '-Wall' '-Wno-main' '-Wundef' '-Wpedantic' '-Wfatal-errors' '-g' '-gdwarf-2' '-funsigned-char' '-funsigned-bitfields' '-fpack-struct' '-fshort-enums' '-ffunction-sections' '-fdata-sections' '-fno-split-wide-types' '-fno-tree-scev-cprop' '-o' 'CMakeFiles/cmTC_a8085.dir/CMakeCCompilerABI.c.obj' '-c' '-specs=device-specs/specs-atmega328p' '-mmcu=avr5'
 /usr/local/Cellar/avr-gcc@9/9.3.0_3/libexec/gcc/avr/9.3.0/cc1 -quiet -v -imultilib avr5 -MMD CMakeFiles/cmTC_a8085.dir/CMakeCCompilerABI.c.d -MQ CMakeFiles/cmTC_a8085.dir/CMakeCCompilerABI.c.obj -D__AVR_ATmega328P__ -D__AVR_DEVICE_NAME__=atmega328p -D BAUD=9600 -D F_CPU=16000000UL /usr/local/Cellar/cmake/3.21.2/share/cmake/Modules/CMakeCCompilerABI.c -mn-flash=1 -mno-skip-bug -quiet -dumpbase CMakeCCompilerABI.c -mmcu=avr5 -auxbase-strip CMakeFiles/cmTC_a8085.dir/CMakeCCompilerABI.c.obj -g -gdwarf-2 -Os -Wall -Wno-main -Wundef -Wpedantic -Wfatal-errors -std=gnu11 -version -funsigned-char -funsigned-bitfields -fpack-struct -fshort-enums -ffunction-sections -fdata-sections -fno-split-wide-types -fno-tree-scev-cprop -o /var/folders/jt/r3yv8h_5541bqkx7r595hsl80000gn/T//ccLjpRfz.s
GNU C11 (Homebrew AVR GCC 9.3.0_3) version 9.3.0 (avr)
	compiled by GNU C version Apple LLVM 12.0.5 (clang-1205.0.22.9), GMP version 6.2.1, MPFR version 4.1.0, MPC version 1.2.1, isl version isl-0.24-GMP

GGC heuristics: --param ggc-min-expand=100 --param ggc-min-heapsize=131072
ignoring nonexistent directory "/usr/local/Cellar/avr-gcc@9/9.3.0_3/lib/avr-gcc/9/gcc/avr/9.3.0/../../../../../../avr/sys-include"
#include "..." search starts here:
#include <...> search starts here:
 /usr/local/Cellar/avr-gcc@9/9.3.0_3/lib/avr-gcc/9/gcc/avr/9.3.0/include
 /usr/local/Cellar/avr-gcc@9/9.3.0_3/lib/avr-gcc/9/gcc/avr/9.3.0/include-fixed
 /usr/local/Cellar/avr-gcc@9/9.3.0_3/lib/avr-gcc/9/gcc/avr/9.3.0/../../../../../../avr/include
End of search list.
GNU C11 (Homebrew AVR GCC 9.3.0_3) version 9.3.0 (avr)
	compiled by GNU C version Apple LLVM 12.0.5 (clang-1205.0.22.9), GMP version 6.2.1, MPFR version 4.1.0, MPC version 1.2.1, isl version isl-0.24-GMP

GGC heuristics: --param ggc-min-expand=100 --param ggc-min-heapsize=131072
Compiler executable checksum: 904f1a8f928819c1cded26fdeac9cf79
COLLECT_GCC_OPTIONS='-D' 'BAUD=9600' '-D' 'F_CPU=16000000UL' '-std=gnu11' '-v'  '-MMD' '-Os' '-Wall' '-Wno-main' '-Wundef' '-Wpedantic' '-Wfatal-errors' '-g' '-gdwarf-2' '-funsigned-char' '-funsigned-bitfields' '-fpack-struct' '-fshort-enums' '-ffunction-sections' '-fdata-sections' '-fno-split-wide-types' '-fno-tree-scev-cprop' '-o' 'CMakeFiles/cmTC_a8085.dir/CMakeCCompilerABI.c.obj' '-c' '-specs=device-specs/specs-atmega328p' '-mmcu=avr5'
 /usr/local/opt/avr-binutils/bin/avr-as -v -mmcu=avr5 -mgcc-isr -mno-skip-bug -o CMakeFiles/cmTC_a8085.dir/CMakeCCompilerABI.c.obj /var/folders/jt/r3yv8h_5541bqkx7r595hsl80000gn/T//ccLjpRfz.s
GNU assembler version 2.36.1 (avr) using BFD version (GNU Binutils) 2.36.1
COMPILER_PATH=/usr/local/Cellar/avr-gcc@9/9.3.0_3/libexec/gcc/avr/9.3.0/:/usr/local/Cellar/avr-gcc@9/9.3.0_3/libexec/gcc/avr/9.3.0/:/usr/local/Cellar/avr-gcc@9/9.3.0_3/libexec/gcc/avr/:/usr/local/Cellar/avr-gcc@9/9.3.0_3/lib/avr-gcc/9/gcc/avr/9.3.0/:/usr/local/Cellar/avr-gcc@9/9.3.0_3/lib/avr-gcc/9/gcc/avr/
LIBRARY_PATH=/usr/local/Cellar/avr-gcc@9/9.3.0_3/lib/avr-gcc/9/gcc/avr/9.3.0/avr5/:/usr/local/Cellar/avr-gcc@9/9.3.0_3/lib/avr-gcc/9/gcc/avr/9.3.0/../../../../../../avr/lib/avr5/:/usr/local/Cellar/avr-gcc@9/9.3.0_3/lib/avr-gcc/9/gcc/avr/9.3.0/:/usr/local/Cellar/avr-gcc@9/9.3.0_3/lib/avr-gcc/9/gcc/avr/9.3.0/../../../../../../avr/lib/
COLLECT_GCC_OPTIONS='-D' 'BAUD=9600' '-D' 'F_CPU=16000000UL' '-std=gnu11' '-v'  '-MMD' '-Os' '-Wall' '-Wno-main' '-Wundef' '-Wpedantic' '-Wfatal-errors' '-g' '-gdwarf-2' '-funsigned-char' '-funsigned-bitfields' '-fpack-struct' '-fshort-enums' '-ffunction-sections' '-fdata-sections' '-fno-split-wide-types' '-fno-tree-scev-cprop' '-o' 'CMakeFiles/cmTC_a8085.dir/CMakeCCompilerABI.c.obj' '-c' '-specs=device-specs/specs-atmega328p' '-mmcu=avr5'
Linking C static library libcmTC_a8085.a
/usr/local/Cellar/cmake/3.21.2/bin/cmake -P CMakeFiles/cmTC_a8085.dir/cmake_clean_target.cmake
/usr/local/Cellar/cmake/3.21.2/bin/cmake -E cmake_link_script CMakeFiles/cmTC_a8085.dir/link.txt --verbose=1
avr-gcc-ar qc libcmTC_a8085.a CMakeFiles/cmTC_a8085.dir/CMakeCCompilerABI.c.obj
avr-ranlib libcmTC_a8085.a



Parsed C implicit include dir info from above output: rv=done
  found start of include info
  found start of implicit include info
    add: [/usr/local/Cellar/avr-gcc@9/9.3.0_3/lib/avr-gcc/9/gcc/avr/9.3.0/include]
    add: [/usr/local/Cellar/avr-gcc@9/9.3.0_3/lib/avr-gcc/9/gcc/avr/9.3.0/include-fixed]
    add: [/usr/local/Cellar/avr-gcc@9/9.3.0_3/lib/avr-gcc/9/gcc/avr/9.3.0/../../../../../../avr/include]
  end of search list found
  collapse include dir [/usr/local/Cellar/avr-gcc@9/9.3.0_3/lib/avr-gcc/9/gcc/avr/9.3.0/include] ==> [/usr/local/Cellar/avr-gcc@9/9.3.0_3/lib/avr-gcc/9/gcc/avr/9.3.0/include]
  collapse include dir [/usr/local/Cellar/avr-gcc@9/9.3.0_3/lib/avr-gcc/9/gcc/avr/9.3.0/include-fixed] ==> [/usr/local/Cellar/avr-gcc@9/9.3.0_3/lib/avr-gcc/9/gcc/avr/9.3.0/include-fixed]
  collapse include dir [/usr/local/Cellar/avr-gcc@9/9.3.0_3/lib/avr-gcc/9/gcc/avr/9.3.0/../../../../../../avr/include] ==> [/usr/local/Cellar/avr-gcc@9/9.3.0_3/avr/include]
  implicit include dirs: [/usr/local/Cellar/avr-gcc@9/9.3.0_3/lib/avr-gcc/9/gcc/avr/9.3.0/include;/usr/local/Cellar/avr-gcc@9/9.3.0_3/lib/avr-gcc/9/gcc/avr/9.3.0/include-fixed;/usr/local/Cellar/avr-gcc@9/9.3.0_3/avr/include]


Parsed C implicit link information from above output:
  link line regex: [^( *|.*[/\])(avr-ld|CMAKE_LINK_STARTFILE-NOTFOUND|([^/\]+-)?ld|collect2)[^/\]*( |$)]
  ignore line: [Change Dir: /Users/markheijnekamp/Windesheim/AVR/blink/build/CMakeFiles/CMakeTmp]
  ignore line: []
  ignore line: [Run Build Command(s):/usr/bin/make -f Makefile cmTC_a8085/fast && /Applications/Xcode.app/Contents/Developer/usr/bin/make  -f CMakeFiles/cmTC_a8085.dir/build.make CMakeFiles/cmTC_a8085.dir/build]
  ignore line: [Building C object CMakeFiles/cmTC_a8085.dir/CMakeCCompilerABI.c.obj]
  ignore line: [/usr/local/bin/avr-gcc -DBAUD=9600 -DF_CPU=16000000UL  -std=gnu11    -v -mmcu=atmega328p -MMD -Os -Wall -Wno-main -Wundef -pedantic -Wfatal-errors -Wl --relax --gc-sections -g -gdwarf-2 -funsigned-char -funsigned-bitfields -fpack-struct -fshort-enums -ffunction-sections -fdata-sections -fno-split-wide-types -fno-tree-scev-cprop -o CMakeFiles/cmTC_a8085.dir/CMakeCCompilerABI.c.obj -c /usr/local/Cellar/cmake/3.21.2/share/cmake/Modules/CMakeCCompilerABI.c]
  ignore line: [Using built-in specs.]
  ignore line: [Reading specs from /usr/local/Cellar/avr-gcc@9/9.3.0_3/lib/avr-gcc/9/gcc/avr/9.3.0/device-specs/specs-atmega328p]
  ignore line: [COLLECT_GCC=/usr/local/bin/avr-gcc]
  ignore line: [Target: avr]
  ignore line: [Configured with: ../configure --target=avr --prefix=/usr/local/Cellar/avr-gcc@9/9.3.0_3 --libdir=/usr/local/Cellar/avr-gcc@9/9.3.0_3/lib/avr-gcc/9 --enable-languages=c,c++ --with-ld=/usr/local/opt/avr-binutils/bin/avr-ld --with-as=/usr/local/opt/avr-binutils/bin/avr-as --disable-nls --disable-libssp --disable-shared --disable-threads --disable-libgomp --with-dwarf2 --with-avrlibc --with-system-zlib --with-pkgversion='Homebrew AVR GCC 9.3.0_3' --with-bugurl=https://github.com/osx-cross/homebrew-avr/issues SED=/usr/bin/sed]
  ignore line: [Thread model: single]
  ignore line: [gcc version 9.3.0 (Homebrew AVR GCC 9.3.0_3) ]
  ignore line: [COLLECT_GCC_OPTIONS='-D' 'BAUD=9600' '-D' 'F_CPU=16000000UL' '-std=gnu11' '-v'  '-MMD' '-Os' '-Wall' '-Wno-main' '-Wundef' '-Wpedantic' '-Wfatal-errors' '-g' '-gdwarf-2' '-funsigned-char' '-funsigned-bitfields' '-fpack-struct' '-fshort-enums' '-ffunction-sections' '-fdata-sections' '-fno-split-wide-types' '-fno-tree-scev-cprop' '-o' 'CMakeFiles/cmTC_a8085.dir/CMakeCCompilerABI.c.obj' '-c' '-specs=device-specs/specs-atmega328p' '-mmcu=avr5']
  ignore line: [ /usr/local/Cellar/avr-gcc@9/9.3.0_3/libexec/gcc/avr/9.3.0/cc1 -quiet -v -imultilib avr5 -MMD CMakeFiles/cmTC_a8085.dir/CMakeCCompilerABI.c.d -MQ CMakeFiles/cmTC_a8085.dir/CMakeCCompilerABI.c.obj -D__AVR_ATmega328P__ -D__AVR_DEVICE_NAME__=atmega328p -D BAUD=9600 -D F_CPU=16000000UL /usr/local/Cellar/cmake/3.21.2/share/cmake/Modules/CMakeCCompilerABI.c -mn-flash=1 -mno-skip-bug -quiet -dumpbase CMakeCCompilerABI.c -mmcu=avr5 -auxbase-strip CMakeFiles/cmTC_a8085.dir/CMakeCCompilerABI.c.obj -g -gdwarf-2 -Os -Wall -Wno-main -Wundef -Wpedantic -Wfatal-errors -std=gnu11 -version -funsigned-char -funsigned-bitfields -fpack-struct -fshort-enums -ffunction-sections -fdata-sections -fno-split-wide-types -fno-tree-scev-cprop -o /var/folders/jt/r3yv8h_5541bqkx7r595hsl80000gn/T//ccLjpRfz.s]
  ignore line: [GNU C11 (Homebrew AVR GCC 9.3.0_3) version 9.3.0 (avr)]
  ignore line: [	compiled by GNU C version Apple LLVM 12.0.5 (clang-1205.0.22.9)  GMP version 6.2.1  MPFR version 4.1.0  MPC version 1.2.1  isl version isl-0.24-GMP]
  ignore line: []
  ignore line: [GGC heuristics: --param ggc-min-expand=100 --param ggc-min-heapsize=131072]
  ignore line: [ignoring nonexistent directory "/usr/local/Cellar/avr-gcc@9/9.3.0_3/lib/avr-gcc/9/gcc/avr/9.3.0/../../../../../../avr/sys-include"]
  ignore line: [#include "..." search starts here:]
  ignore line: [#include <...> search starts here:]
  ignore line: [ /usr/local/Cellar/avr-gcc@9/9.3.0_3/lib/avr-gcc/9/gcc/avr/9.3.0/include]
  ignore line: [ /usr/local/Cellar/avr-gcc@9/9.3.0_3/lib/avr-gcc/9/gcc/avr/9.3.0/include-fixed]
  ignore line: [ /usr/local/Cellar/avr-gcc@9/9.3.0_3/lib/avr-gcc/9/gcc/avr/9.3.0/../../../../../../avr/include]
  ignore line: [End of search list.]
  ignore line: [GNU C11 (Homebrew AVR GCC 9.3.0_3) version 9.3.0 (avr)]
  ignore line: [	compiled by GNU C version Apple LLVM 12.0.5 (clang-1205.0.22.9)  GMP version 6.2.1  MPFR version 4.1.0  MPC version 1.2.1  isl version isl-0.24-GMP]
  ignore line: []
  ignore line: [GGC heuristics: --param ggc-min-expand=100 --param ggc-min-heapsize=131072]
  ignore line: [Compiler executable checksum: 904f1a8f928819c1cded26fdeac9cf79]
  ignore line: [COLLECT_GCC_OPTIONS='-D' 'BAUD=9600' '-D' 'F_CPU=16000000UL' '-std=gnu11' '-v'  '-MMD' '-Os' '-Wall' '-Wno-main' '-Wundef' '-Wpedantic' '-Wfatal-errors' '-g' '-gdwarf-2' '-funsigned-char' '-funsigned-bitfields' '-fpack-struct' '-fshort-enums' '-ffunction-sections' '-fdata-sections' '-fno-split-wide-types' '-fno-tree-scev-cprop' '-o' 'CMakeFiles/cmTC_a8085.dir/CMakeCCompilerABI.c.obj' '-c' '-specs=device-specs/specs-atmega328p' '-mmcu=avr5']
  ignore line: [ /usr/local/opt/avr-binutils/bin/avr-as -v -mmcu=avr5 -mgcc-isr -mno-skip-bug -o CMakeFiles/cmTC_a8085.dir/CMakeCCompilerABI.c.obj /var/folders/jt/r3yv8h_5541bqkx7r595hsl80000gn/T//ccLjpRfz.s]
  ignore line: [GNU assembler version 2.36.1 (avr) using BFD version (GNU Binutils) 2.36.1]
  ignore line: [COMPILER_PATH=/usr/local/Cellar/avr-gcc@9/9.3.0_3/libexec/gcc/avr/9.3.0/:/usr/local/Cellar/avr-gcc@9/9.3.0_3/libexec/gcc/avr/9.3.0/:/usr/local/Cellar/avr-gcc@9/9.3.0_3/libexec/gcc/avr/:/usr/local/Cellar/avr-gcc@9/9.3.0_3/lib/avr-gcc/9/gcc/avr/9.3.0/:/usr/local/Cellar/avr-gcc@9/9.3.0_3/lib/avr-gcc/9/gcc/avr/]
  ignore line: [LIBRARY_PATH=/usr/local/Cellar/avr-gcc@9/9.3.0_3/lib/avr-gcc/9/gcc/avr/9.3.0/avr5/:/usr/local/Cellar/avr-gcc@9/9.3.0_3/lib/avr-gcc/9/gcc/avr/9.3.0/../../../../../../avr/lib/avr5/:/usr/local/Cellar/avr-gcc@9/9.3.0_3/lib/avr-gcc/9/gcc/avr/9.3.0/:/usr/local/Cellar/avr-gcc@9/9.3.0_3/lib/avr-gcc/9/gcc/avr/9.3.0/../../../../../../avr/lib/]
  ignore line: [COLLECT_GCC_OPTIONS='-D' 'BAUD=9600' '-D' 'F_CPU=16000000UL' '-std=gnu11' '-v'  '-MMD' '-Os' '-Wall' '-Wno-main' '-Wundef' '-Wpedantic' '-Wfatal-errors' '-g' '-gdwarf-2' '-funsigned-char' '-funsigned-bitfields' '-fpack-struct' '-fshort-enums' '-ffunction-sections' '-fdata-sections' '-fno-split-wide-types' '-fno-tree-scev-cprop' '-o' 'CMakeFiles/cmTC_a8085.dir/CMakeCCompilerABI.c.obj' '-c' '-specs=device-specs/specs-atmega328p' '-mmcu=avr5']
  ignore line: [Linking C static library libcmTC_a8085.a]
  ignore line: [/usr/local/Cellar/cmake/3.21.2/bin/cmake -P CMakeFiles/cmTC_a8085.dir/cmake_clean_target.cmake]
  ignore line: [/usr/local/Cellar/cmake/3.21.2/bin/cmake -E cmake_link_script CMakeFiles/cmTC_a8085.dir/link.txt --verbose=1]
  ignore line: [avr-gcc-ar qc libcmTC_a8085.a CMakeFiles/cmTC_a8085.dir/CMakeCCompilerABI.c.obj]
  ignore line: [avr-ranlib libcmTC_a8085.a]
  ignore line: []
  ignore line: []
  implicit libs: []
  implicit objs: []
  implicit dirs: []
  implicit fwks: []


Detecting CXX compiler ABI info compiled with the following output:
Change Dir: /Users/markheijnekamp/Windesheim/AVR/blink/build/CMakeFiles/CMakeTmp

Run Build Command(s):/usr/bin/make -f Makefile cmTC_185f4/fast && /Applications/Xcode.app/Contents/Developer/usr/bin/make  -f CMakeFiles/cmTC_185f4.dir/build.make CMakeFiles/cmTC_185f4.dir/build
Building CXX object CMakeFiles/cmTC_185f4.dir/CMakeCXXCompilerABI.cpp.obj
/usr/local/bin/avr-g++ -DBAUD=9600 -DF_CPU=16000000UL  -std=gnu++14    -v -mmcu=atmega328p -MMD -Os -Wall -Wno-main -Wundef -pedantic -Wfatal-errors -Wl,--relax,--gc-sections -g -gdwarf-2 -funsigned-char -funsigned-bitfields -fpack-struct -fshort-enums -ffunction-sections -fdata-sections -fno-split-wide-types -fno-tree-scev-cprop -o CMakeFiles/cmTC_185f4.dir/CMakeCXXCompilerABI.cpp.obj -c /usr/local/Cellar/cmake/3.21.2/share/cmake/Modules/CMakeCXXCompilerABI.cpp
Using built-in specs.
Reading specs from /usr/local/Cellar/avr-gcc@9/9.3.0_3/lib/avr-gcc/9/gcc/avr/9.3.0/device-specs/specs-atmega328p
COLLECT_GCC=/usr/local/bin/avr-g++
Target: avr
Configured with: ../configure --target=avr --prefix=/usr/local/Cellar/avr-gcc@9/9.3.0_3 --libdir=/usr/local/Cellar/avr-gcc@9/9.3.0_3/lib/avr-gcc/9 --enable-languages=c,c++ --with-ld=/usr/local/opt/avr-binutils/bin/avr-ld --with-as=/usr/local/opt/avr-binutils/bin/avr-as --disable-nls --disable-libssp --disable-shared --disable-threads --disable-libgomp --with-dwarf2 --with-avrlibc --with-system-zlib --with-pkgversion='Homebrew AVR GCC 9.3.0_3' --with-bugurl=https://github.com/osx-cross/homebrew-avr/issues SED=/usr/bin/sed
Thread model: single
gcc version 9.3.0 (Homebrew AVR GCC 9.3.0_3) 
COLLECT_GCC_OPTIONS='-D' 'BAUD=9600' '-D' 'F_CPU=16000000UL' '-std=gnu++14' '-v'  '-MMD' '-Os' '-Wall' '-Wno-main' '-Wundef' '-Wpedantic' '-Wfatal-errors' '-g' '-gdwarf-2' '-funsigned-char' '-funsigned-bitfields' '-fpack-struct' '-fshort-enums' '-ffunction-sections' '-fdata-sections' '-fno-split-wide-types' '-fno-tree-scev-cprop' '-o' 'CMakeFiles/cmTC_185f4.dir/CMakeCXXCompilerABI.cpp.obj' '-c' '-specs=device-specs/specs-atmega328p' '-mmcu=avr5'
 /usr/local/Cellar/avr-gcc@9/9.3.0_3/libexec/gcc/avr/9.3.0/cc1plus -quiet -v -imultilib avr5 -MMD CMakeFiles/cmTC_185f4.dir/CMakeCXXCompilerABI.cpp.d -MQ CMakeFiles/cmTC_185f4.dir/CMakeCXXCompilerABI.cpp.obj -D__AVR_ATmega328P__ -D__AVR_DEVICE_NAME__=atmega328p -D BAUD=9600 -D F_CPU=16000000UL /usr/local/Cellar/cmake/3.21.2/share/cmake/Modules/CMakeCXXCompilerABI.cpp -mn-flash=1 -mno-skip-bug -quiet -dumpbase CMakeCXXCompilerABI.cpp -mmcu=avr5 -auxbase-strip CMakeFiles/cmTC_185f4.dir/CMakeCXXCompilerABI.cpp.obj -g -gdwarf-2 -Os -Wall -Wno-main -Wundef -Wpedantic -Wfatal-errors -std=gnu++14 -version -funsigned-char -funsigned-bitfields -fpack-struct -fshort-enums -ffunction-sections -fdata-sections -fno-split-wide-types -fno-tree-scev-cprop -mn-flash=1 -mno-skip-bug -fno-rtti -fno-enforce-eh-specs -fno-exceptions -o /var/folders/jt/r3yv8h_5541bqkx7r595hsl80000gn/T//ccK2rbAU.s
GNU C++14 (Homebrew AVR GCC 9.3.0_3) version 9.3.0 (avr)
	compiled by GNU C version Apple LLVM 12.0.5 (clang-1205.0.22.9), GMP version 6.2.1, MPFR version 4.1.0, MPC version 1.2.1, isl version isl-0.24-GMP

GGC heuristics: --param ggc-min-expand=100 --param ggc-min-heapsize=131072
ignoring nonexistent directory "/usr/local/Cellar/avr-gcc@9/9.3.0_3/lib/avr-gcc/9/gcc/avr/9.3.0/../../../../../../avr/include/c++/9.3.0"
ignoring nonexistent directory "/usr/local/Cellar/avr-gcc@9/9.3.0_3/lib/avr-gcc/9/gcc/avr/9.3.0/../../../../../../avr/include/c++/9.3.0/avr/avr5"
ignoring nonexistent directory "/usr/local/Cellar/avr-gcc@9/9.3.0_3/lib/avr-gcc/9/gcc/avr/9.3.0/../../../../../../avr/include/c++/9.3.0/backward"
ignoring nonexistent directory "/usr/local/Cellar/avr-gcc@9/9.3.0_3/lib/avr-gcc/9/gcc/avr/9.3.0/../../../../../../avr/sys-include"
#include "..." search starts here:
#include <...> search starts here:
 /usr/local/Cellar/avr-gcc@9/9.3.0_3/lib/avr-gcc/9/gcc/avr/9.3.0/include
 /usr/local/Cellar/avr-gcc@9/9.3.0_3/lib/avr-gcc/9/gcc/avr/9.3.0/include-fixed
 /usr/local/Cellar/avr-gcc@9/9.3.0_3/lib/avr-gcc/9/gcc/avr/9.3.0/../../../../../../avr/include
End of search list.
GNU C++14 (Homebrew AVR GCC 9.3.0_3) version 9.3.0 (avr)
	compiled by GNU C version Apple LLVM 12.0.5 (clang-1205.0.22.9), GMP version 6.2.1, MPFR version 4.1.0, MPC version 1.2.1, isl version isl-0.24-GMP

GGC heuristics: --param ggc-min-expand=100 --param ggc-min-heapsize=131072
Compiler executable checksum: 5ffe0286c422ccb346be3a790d24c00d
COLLECT_GCC_OPTIONS='-D' 'BAUD=9600' '-D' 'F_CPU=16000000UL' '-std=gnu++14' '-v'  '-MMD' '-Os' '-Wall' '-Wno-main' '-Wundef' '-Wpedantic' '-Wfatal-errors' '-g' '-gdwarf-2' '-funsigned-char' '-funsigned-bitfields' '-fpack-struct' '-fshort-enums' '-ffunction-sections' '-fdata-sections' '-fno-split-wide-types' '-fno-tree-scev-cprop' '-o' 'CMakeFiles/cmTC_185f4.dir/CMakeCXXCompilerABI.cpp.obj' '-c' '-specs=device-specs/specs-atmega328p' '-mmcu=avr5'
 /usr/local/opt/avr-binutils/bin/avr-as -v -mmcu=avr5 -mgcc-isr -mno-skip-bug -o CMakeFiles/cmTC_185f4.dir/CMakeCXXCompilerABI.cpp.obj /var/folders/jt/r3yv8h_5541bqkx7r595hsl80000gn/T//ccK2rbAU.s
GNU assembler version 2.36.1 (avr) using BFD version (GNU Binutils) 2.36.1
COMPILER_PATH=/usr/local/Cellar/avr-gcc@9/9.3.0_3/libexec/gcc/avr/9.3.0/:/usr/local/Cellar/avr-gcc@9/9.3.0_3/libexec/gcc/avr/9.3.0/:/usr/local/Cellar/avr-gcc@9/9.3.0_3/libexec/gcc/avr/:/usr/local/Cellar/avr-gcc@9/9.3.0_3/lib/avr-gcc/9/gcc/avr/9.3.0/:/usr/local/Cellar/avr-gcc@9/9.3.0_3/lib/avr-gcc/9/gcc/avr/
LIBRARY_PATH=/usr/local/Cellar/avr-gcc@9/9.3.0_3/lib/avr-gcc/9/gcc/avr/9.3.0/avr5/:/usr/local/Cellar/avr-gcc@9/9.3.0_3/lib/avr-gcc/9/gcc/avr/9.3.0/../../../../../../avr/lib/avr5/:/usr/local/Cellar/avr-gcc@9/9.3.0_3/lib/avr-gcc/9/gcc/avr/9.3.0/:/usr/local/Cellar/avr-gcc@9/9.3.0_3/lib/avr-gcc/9/gcc/avr/9.3.0/../../../../../../avr/lib/
COLLECT_GCC_OPTIONS='-D' 'BAUD=9600' '-D' 'F_CPU=16000000UL' '-std=gnu++14' '-v'  '-MMD' '-Os' '-Wall' '-Wno-main' '-Wundef' '-Wpedantic' '-Wfatal-errors' '-g' '-gdwarf-2' '-funsigned-char' '-funsigned-bitfields' '-fpack-struct' '-fshort-enums' '-ffunction-sections' '-fdata-sections' '-fno-split-wide-types' '-fno-tree-scev-cprop' '-o' 'CMakeFiles/cmTC_185f4.dir/CMakeCXXCompilerABI.cpp.obj' '-c' '-specs=device-specs/specs-atmega328p' '-mmcu=avr5'
Linking CXX static library libcmTC_185f4.a
/usr/local/Cellar/cmake/3.21.2/bin/cmake -P CMakeFiles/cmTC_185f4.dir/cmake_clean_target.cmake
/usr/local/Cellar/cmake/3.21.2/bin/cmake -E cmake_link_script CMakeFiles/cmTC_185f4.dir/link.txt --verbose=1
avr-gcc-ar qc libcmTC_185f4.a CMakeFiles/cmTC_185f4.dir/CMakeCXXCompilerABI.cpp.obj
avr-ranlib libcmTC_185f4.a



Parsed CXX implicit include dir info from above output: rv=done
  found start of include info
  found start of implicit include info
    add: [/usr/local/Cellar/avr-gcc@9/9.3.0_3/lib/avr-gcc/9/gcc/avr/9.3.0/include]
    add: [/usr/local/Cellar/avr-gcc@9/9.3.0_3/lib/avr-gcc/9/gcc/avr/9.3.0/include-fixed]
    add: [/usr/local/Cellar/avr-gcc@9/9.3.0_3/lib/avr-gcc/9/gcc/avr/9.3.0/../../../../../../avr/include]
  end of search list found
  collapse include dir [/usr/local/Cellar/avr-gcc@9/9.3.0_3/lib/avr-gcc/9/gcc/avr/9.3.0/include] ==> [/usr/local/Cellar/avr-gcc@9/9.3.0_3/lib/avr-gcc/9/gcc/avr/9.3.0/include]
  collapse include dir [/usr/local/Cellar/avr-gcc@9/9.3.0_3/lib/avr-gcc/9/gcc/avr/9.3.0/include-fixed] ==> [/usr/local/Cellar/avr-gcc@9/9.3.0_3/lib/avr-gcc/9/gcc/avr/9.3.0/include-fixed]
  collapse include dir [/usr/local/Cellar/avr-gcc@9/9.3.0_3/lib/avr-gcc/9/gcc/avr/9.3.0/../../../../../../avr/include] ==> [/usr/local/Cellar/avr-gcc@9/9.3.0_3/avr/include]
  implicit include dirs: [/usr/local/Cellar/avr-gcc@9/9.3.0_3/lib/avr-gcc/9/gcc/avr/9.3.0/include;/usr/local/Cellar/avr-gcc@9/9.3.0_3/lib/avr-gcc/9/gcc/avr/9.3.0/include-fixed;/usr/local/Cellar/avr-gcc@9/9.3.0_3/avr/include]


Parsed CXX implicit link information from above output:
  link line regex: [^( *|.*[/\])(avr-ld|CMAKE_LINK_STARTFILE-NOTFOUND|([^/\]+-)?ld|collect2)[^/\]*( |$)]
  ignore line: [Change Dir: /Users/markheijnekamp/Windesheim/AVR/blink/build/CMakeFiles/CMakeTmp]
  ignore line: []
  ignore line: [Run Build Command(s):/usr/bin/make -f Makefile cmTC_185f4/fast && /Applications/Xcode.app/Contents/Developer/usr/bin/make  -f CMakeFiles/cmTC_185f4.dir/build.make CMakeFiles/cmTC_185f4.dir/build]
  ignore line: [Building CXX object CMakeFiles/cmTC_185f4.dir/CMakeCXXCompilerABI.cpp.obj]
  ignore line: [/usr/local/bin/avr-g++ -DBAUD=9600 -DF_CPU=16000000UL  -std=gnu++14    -v -mmcu=atmega328p -MMD -Os -Wall -Wno-main -Wundef -pedantic -Wfatal-errors -Wl --relax --gc-sections -g -gdwarf-2 -funsigned-char -funsigned-bitfields -fpack-struct -fshort-enums -ffunction-sections -fdata-sections -fno-split-wide-types -fno-tree-scev-cprop -o CMakeFiles/cmTC_185f4.dir/CMakeCXXCompilerABI.cpp.obj -c /usr/local/Cellar/cmake/3.21.2/share/cmake/Modules/CMakeCXXCompilerABI.cpp]
  ignore line: [Using built-in specs.]
  ignore line: [Reading specs from /usr/local/Cellar/avr-gcc@9/9.3.0_3/lib/avr-gcc/9/gcc/avr/9.3.0/device-specs/specs-atmega328p]
  ignore line: [COLLECT_GCC=/usr/local/bin/avr-g++]
  ignore line: [Target: avr]
  ignore line: [Configured with: ../configure --target=avr --prefix=/usr/local/Cellar/avr-gcc@9/9.3.0_3 --libdir=/usr/local/Cellar/avr-gcc@9/9.3.0_3/lib/avr-gcc/9 --enable-languages=c,c++ --with-ld=/usr/local/opt/avr-binutils/bin/avr-ld --with-as=/usr/local/opt/avr-binutils/bin/avr-as --disable-nls --disable-libssp --disable-shared --disable-threads --disable-libgomp --with-dwarf2 --with-avrlibc --with-system-zlib --with-pkgversion='Homebrew AVR GCC 9.3.0_3' --with-bugurl=https://github.com/osx-cross/homebrew-avr/issues SED=/usr/bin/sed]
  ignore line: [Thread model: single]
  ignore line: [gcc version 9.3.0 (Homebrew AVR GCC 9.3.0_3) ]
  ignore line: [COLLECT_GCC_OPTIONS='-D' 'BAUD=9600' '-D' 'F_CPU=16000000UL' '-std=gnu++14' '-v'  '-MMD' '-Os' '-Wall' '-Wno-main' '-Wundef' '-Wpedantic' '-Wfatal-errors' '-g' '-gdwarf-2' '-funsigned-char' '-funsigned-bitfields' '-fpack-struct' '-fshort-enums' '-ffunction-sections' '-fdata-sections' '-fno-split-wide-types' '-fno-tree-scev-cprop' '-o' 'CMakeFiles/cmTC_185f4.dir/CMakeCXXCompilerABI.cpp.obj' '-c' '-specs=device-specs/specs-atmega328p' '-mmcu=avr5']
  ignore line: [ /usr/local/Cellar/avr-gcc@9/9.3.0_3/libexec/gcc/avr/9.3.0/cc1plus -quiet -v -imultilib avr5 -MMD CMakeFiles/cmTC_185f4.dir/CMakeCXXCompilerABI.cpp.d -MQ CMakeFiles/cmTC_185f4.dir/CMakeCXXCompilerABI.cpp.obj -D__AVR_ATmega328P__ -D__AVR_DEVICE_NAME__=atmega328p -D BAUD=9600 -D F_CPU=16000000UL /usr/local/Cellar/cmake/3.21.2/share/cmake/Modules/CMakeCXXCompilerABI.cpp -mn-flash=1 -mno-skip-bug -quiet -dumpbase CMakeCXXCompilerABI.cpp -mmcu=avr5 -auxbase-strip CMakeFiles/cmTC_185f4.dir/CMakeCXXCompilerABI.cpp.obj -g -gdwarf-2 -Os -Wall -Wno-main -Wundef -Wpedantic -Wfatal-errors -std=gnu++14 -version -funsigned-char -funsigned-bitfields -fpack-struct -fshort-enums -ffunction-sections -fdata-sections -fno-split-wide-types -fno-tree-scev-cprop -mn-flash=1 -mno-skip-bug -fno-rtti -fno-enforce-eh-specs -fno-exceptions -o /var/folders/jt/r3yv8h_5541bqkx7r595hsl80000gn/T//ccK2rbAU.s]
  ignore line: [GNU C++14 (Homebrew AVR GCC 9.3.0_3) version 9.3.0 (avr)]
  ignore line: [	compiled by GNU C version Apple LLVM 12.0.5 (clang-1205.0.22.9)  GMP version 6.2.1  MPFR version 4.1.0  MPC version 1.2.1  isl version isl-0.24-GMP]
  ignore line: []
  ignore line: [GGC heuristics: --param ggc-min-expand=100 --param ggc-min-heapsize=131072]
  ignore line: [ignoring nonexistent directory "/usr/local/Cellar/avr-gcc@9/9.3.0_3/lib/avr-gcc/9/gcc/avr/9.3.0/../../../../../../avr/include/c++/9.3.0"]
  ignore line: [ignoring nonexistent directory "/usr/local/Cellar/avr-gcc@9/9.3.0_3/lib/avr-gcc/9/gcc/avr/9.3.0/../../../../../../avr/include/c++/9.3.0/avr/avr5"]
  ignore line: [ignoring nonexistent directory "/usr/local/Cellar/avr-gcc@9/9.3.0_3/lib/avr-gcc/9/gcc/avr/9.3.0/../../../../../../avr/include/c++/9.3.0/backward"]
  ignore line: [ignoring nonexistent directory "/usr/local/Cellar/avr-gcc@9/9.3.0_3/lib/avr-gcc/9/gcc/avr/9.3.0/../../../../../../avr/sys-include"]
  ignore line: [#include "..." search starts here:]
  ignore line: [#include <...> search starts here:]
  ignore line: [ /usr/local/Cellar/avr-gcc@9/9.3.0_3/lib/avr-gcc/9/gcc/avr/9.3.0/include]
  ignore line: [ /usr/local/Cellar/avr-gcc@9/9.3.0_3/lib/avr-gcc/9/gcc/avr/9.3.0/include-fixed]
  ignore line: [ /usr/local/Cellar/avr-gcc@9/9.3.0_3/lib/avr-gcc/9/gcc/avr/9.3.0/../../../../../../avr/include]
  ignore line: [End of search list.]
  ignore line: [GNU C++14 (Homebrew AVR GCC 9.3.0_3) version 9.3.0 (avr)]
  ignore line: [	compiled by GNU C version Apple LLVM 12.0.5 (clang-1205.0.22.9)  GMP version 6.2.1  MPFR version 4.1.0  MPC version 1.2.1  isl version isl-0.24-GMP]
  ignore line: []
  ignore line: [GGC heuristics: --param ggc-min-expand=100 --param ggc-min-heapsize=131072]
  ignore line: [Compiler executable checksum: 5ffe0286c422ccb346be3a790d24c00d]
  ignore line: [COLLECT_GCC_OPTIONS='-D' 'BAUD=9600' '-D' 'F_CPU=16000000UL' '-std=gnu++14' '-v'  '-MMD' '-Os' '-Wall' '-Wno-main' '-Wundef' '-Wpedantic' '-Wfatal-errors' '-g' '-gdwarf-2' '-funsigned-char' '-funsigned-bitfields' '-fpack-struct' '-fshort-enums' '-ffunction-sections' '-fdata-sections' '-fno-split-wide-types' '-fno-tree-scev-cprop' '-o' 'CMakeFiles/cmTC_185f4.dir/CMakeCXXCompilerABI.cpp.obj' '-c' '-specs=device-specs/specs-atmega328p' '-mmcu=avr5']
  ignore line: [ /usr/local/opt/avr-binutils/bin/avr-as -v -mmcu=avr5 -mgcc-isr -mno-skip-bug -o CMakeFiles/cmTC_185f4.dir/CMakeCXXCompilerABI.cpp.obj /var/folders/jt/r3yv8h_5541bqkx7r595hsl80000gn/T//ccK2rbAU.s]
  ignore line: [GNU assembler version 2.36.1 (avr) using BFD version (GNU Binutils) 2.36.1]
  ignore line: [COMPILER_PATH=/usr/local/Cellar/avr-gcc@9/9.3.0_3/libexec/gcc/avr/9.3.0/:/usr/local/Cellar/avr-gcc@9/9.3.0_3/libexec/gcc/avr/9.3.0/:/usr/local/Cellar/avr-gcc@9/9.3.0_3/libexec/gcc/avr/:/usr/local/Cellar/avr-gcc@9/9.3.0_3/lib/avr-gcc/9/gcc/avr/9.3.0/:/usr/local/Cellar/avr-gcc@9/9.3.0_3/lib/avr-gcc/9/gcc/avr/]
  ignore line: [LIBRARY_PATH=/usr/local/Cellar/avr-gcc@9/9.3.0_3/lib/avr-gcc/9/gcc/avr/9.3.0/avr5/:/usr/local/Cellar/avr-gcc@9/9.3.0_3/lib/avr-gcc/9/gcc/avr/9.3.0/../../../../../../avr/lib/avr5/:/usr/local/Cellar/avr-gcc@9/9.3.0_3/lib/avr-gcc/9/gcc/avr/9.3.0/:/usr/local/Cellar/avr-gcc@9/9.3.0_3/lib/avr-gcc/9/gcc/avr/9.3.0/../../../../../../avr/lib/]
  ignore line: [COLLECT_GCC_OPTIONS='-D' 'BAUD=9600' '-D' 'F_CPU=16000000UL' '-std=gnu++14' '-v'  '-MMD' '-Os' '-Wall' '-Wno-main' '-Wundef' '-Wpedantic' '-Wfatal-errors' '-g' '-gdwarf-2' '-funsigned-char' '-funsigned-bitfields' '-fpack-struct' '-fshort-enums' '-ffunction-sections' '-fdata-sections' '-fno-split-wide-types' '-fno-tree-scev-cprop' '-o' 'CMakeFiles/cmTC_185f4.dir/CMakeCXXCompilerABI.cpp.obj' '-c' '-specs=device-specs/specs-atmega328p' '-mmcu=avr5']
  ignore line: [Linking CXX static library libcmTC_185f4.a]
  ignore line: [/usr/local/Cellar/cmake/3.21.2/bin/cmake -P CMakeFiles/cmTC_185f4.dir/cmake_clean_target.cmake]
  ignore line: [/usr/local/Cellar/cmake/3.21.2/bin/cmake -E cmake_link_script CMakeFiles/cmTC_185f4.dir/link.txt --verbose=1]
  ignore line: [avr-gcc-ar qc libcmTC_185f4.a CMakeFiles/cmTC_185f4.dir/CMakeCXXCompilerABI.cpp.obj]
  ignore line: [avr-ranlib libcmTC_185f4.a]
  ignore line: []
  ignore line: []
  implicit libs: []
  implicit objs: []
  implicit dirs: []
  implicit fwks: []


